<?xml version="1.0" encoding="UTF-8"?>
<testsuite xmlns:xsi="http://www.w3.org/2001/XMLSchema-instance" xsi:noNamespaceSchemaLocation="https://maven.apache.org/surefire/maven-surefire-plugin/xsd/surefire-test-report-3.0.xsd" version="3.0" name="com.banking.whitebox.TransactionServiceWhiteBoxTest$LoopCoverageTests" time="0.004" tests="3" errors="0" skipped="0" failures="0">
  <properties>
[...]
</properties>
  <testcase name="testWithdrawalUntilInsufficient" classname="com.banking.whitebox.TransactionServiceWhiteBoxTest$LoopCoverageTests" time="0.001"/>
  <testcase name="testMultipleWithdrawals" classname="com.banking.whitebox.TransactionServiceWhiteBoxTest$LoopCoverageTests" time="0.0"/>
  <testcase name="testMultipleDeposits" classname="com.banking.whitebox.TransactionServiceWhiteBoxTest$LoopCoverageTests" time="0.0"/>
</testsuite>